<?xml version="1.0" encoding="UTF-8"?>
<testng-results ignored="0" total="1" passed="1" failed="0" skipped="0">
  <reporter-output>
  </reporter-output>
  <suite started-at="2024-08-19T11:54:51 IST" name="Default suite" finished-at="2024-08-19T11:54:56 IST" duration-ms="5343">
    <groups>
    </groups>
    <test started-at="2024-08-19T11:54:51 IST" name="Default test" finished-at="2024-08-19T11:54:56 IST" duration-ms="5343">
      <class name="base.Driverinitilization">
        <test-method signature="driverSetup()[pri:0, instance:base.Driverinitilization@53fe15ff]" started-at="2024-08-19T11:54:51 IST" name="driverSetup" finished-at="2024-08-19T11:54:56 IST" duration-ms="5291" status="PASS">
          <reporter-output>
          </reporter-output>
        </test-method> <!-- driverSetup -->
      </class> <!-- base.Driverinitilization -->
    </test> <!-- Default test -->
  </suite> <!-- Default suite -->
</testng-results>
