<?xml version="1.0" encoding="UTF-8"?>
<testng-results ignored="0" total="1" passed="1" failed="0" skipped="0">
  <reporter-output>
  </reporter-output>
  <suite started-at="2024-08-21T17:11:32 IST" name="Tests" finished-at="2024-08-21T17:11:38 IST" duration-ms="5895">
    <groups>
    </groups>
    <test started-at="2024-08-21T17:11:32 IST" name="Test1" finished-at="2024-08-21T17:11:38 IST" duration-ms="5895">
      <class name="base.Driverinitilization">
        <test-method signature="driverSetup(java.lang.String)[pri:0, instance:base.Driverinitilization@3b0fe47a]" started-at="2024-08-21T17:11:32 IST" name="driverSetup" finished-at="2024-08-21T17:11:38 IST" duration-ms="5848" status="PASS">
          <params>
            <param index="0">
              <value>
                <![CDATA[https://www.google.com/]]>
              </value>
            </param>
          </params>
          <reporter-output>
          </reporter-output>
        </test-method> <!-- driverSetup -->
      </class> <!-- base.Driverinitilization -->
    </test> <!-- Test1 -->
  </suite> <!-- Tests -->
</testng-results>
